<?xml version="1.0" encoding="UTF-8"?>
<!-- Generated by org.testng.reporters.JUnitXMLReporter -->
<testsuite hostname="Kawsars-MacBook-Pro-2.local" ignored="1" name="Default test" tests="1" failures="0" timestamp="19 Oct 2022 19:05:51 GMT" time="5.39" errors="0">
  <testcase name="LoginErrorValidation" time="0.508" classname="rahulshettyacademy.tests.ErrorValidationsTest"/>
  <testcase name="ProductErrorValidation" time="0.0" classname="rahulshettyacademy.tests.ErrorValidationsTest">
    <ignored/>
  </testcase> <!-- ProductErrorValidation -->
</testsuite> <!-- Default test -->
