<?xml version="1.0" encoding="UTF-8"?>
<!-- Generated by org.testng.reporters.JUnitXMLReporter -->
<testsuite hostname="Kawsars-MacBook-Pro-2.local" ignored="0" name="Error Validations Test" tests="2" failures="0" timestamp="20 Oct 2022 19:41:48 GMT" time="14.276" errors="0">
  <testcase name="LoginErrorValidation" time="0.626" classname="rahulshettyacademy.tests.ErrorValidationsTest"/>
  <testcase name="ProductErrorValidation" time="2.623" classname="rahulshettyacademy.tests.ErrorValidationsTest"/>
</testsuite> <!-- Error Validations Test -->
