<?xml version="1.0" encoding="UTF-8"?>
<!-- Generated by org.testng.reporters.JUnitXMLReporter -->
<testsuite hostname="Kawsars-MacBook-Pro-2.local" ignored="0" name="Submit Order Test" tests="3" failures="0" timestamp="20 Oct 2022 19:41:58 GMT" time="23.837" errors="0">
  <testcase name="submitOrder" time="3.701" classname="rahulshettyacademy.tests.SubmitOrderTest"/>
  <testcase name="submitOrder" time="3.807" classname="rahulshettyacademy.tests.SubmitOrderTest"/>
  <testcase name="OrderHistoryTest" time="0.853" classname="rahulshettyacademy.tests.SubmitOrderTest"/>
</testsuite> <!-- Submit Order Test -->
