<?xml version="1.0" encoding="UTF-8"?>
<!-- Generated by org.testng.reporters.JUnitXMLReporter -->
<testsuite ignored="0" hostname="Kawsars-MacBook-Pro-2.local" failures="0" tests="2" name="Error Validations Test" time="11.963" errors="0" timestamp="19 Oct 2022 19:09:18 GMT">
  <testcase classname="rahulshettyacademy.tests.ErrorValidationsTest" name="LoginErrorValidation" time="0.582"/>
  <testcase classname="rahulshettyacademy.tests.ErrorValidationsTest" name="ProductErrorValidation" time="2.762"/>
</testsuite> <!-- Error Validations Test -->
