<?xml version="1.0" encoding="UTF-8"?>
<!-- Generated by org.testng.reporters.JUnitXMLReporter -->
<testsuite ignored="0" hostname="Kawsars-MacBook-Pro-2.local" failures="0" tests="3" name="Submit Order Test" time="20.894" errors="0" timestamp="19 Oct 2022 19:09:27 GMT">
  <testcase classname="rahulshettyacademy.tests.SubmitOrderTest" name="submitOrder" time="3.694"/>
  <testcase classname="rahulshettyacademy.tests.SubmitOrderTest" name="submitOrder" time="3.951"/>
  <testcase classname="rahulshettyacademy.tests.SubmitOrderTest" name="OrderHistoryTest" time="0.879"/>
</testsuite> <!-- Submit Order Test -->
