<?xml version="1.0" encoding="UTF-8"?>
<testng-results ignored="0" total="5" passed="5" failed="0" skipped="0">
  <reporter-output>
  </reporter-output>
  <suite started-at="2022-10-19T19:09:06Z" name="Suite" finished-at="2022-10-19T19:09:27Z" duration-ms="20894">
    <groups>
      <group name="Purchase">
        <method signature="SubmitOrderTest.submitOrder(java.util.HashMap)[pri:0, instance:rahulshettyacademy.tests.SubmitOrderTest@432038ec]" name="submitOrder" class="rahulshettyacademy.tests.SubmitOrderTest"/>
      </group> <!-- Purchase -->
      <group name="ErrorHandling">
        <method signature="ErrorValidationsTest.LoginErrorValidation()[pri:0, instance:rahulshettyacademy.tests.ErrorValidationsTest@3e6104fc]" name="LoginErrorValidation" class="rahulshettyacademy.tests.ErrorValidationsTest"/>
      </group> <!-- ErrorHandling -->
    </groups>
    <test started-at="2022-10-19T19:09:06Z" name="Error Validations Test" finished-at="2022-10-19T19:09:18Z" duration-ms="11963">
      <class name="rahulshettyacademy.tests.ErrorValidationsTest">
        <test-method is-config="true" signature="launchApplication()[pri:0, instance:rahulshettyacademy.tests.ErrorValidationsTest@3e6104fc]" started-at="2022-10-19T19:09:06Z" name="launchApplication" finished-at="2022-10-19T19:09:11Z" duration-ms="4559" status="PASS">
          <reporter-output>
          </reporter-output>
        </test-method> <!-- launchApplication -->
        <test-method signature="LoginErrorValidation()[pri:0, instance:rahulshettyacademy.tests.ErrorValidationsTest@3e6104fc]" started-at="2022-10-19T19:09:11Z" name="LoginErrorValidation" finished-at="2022-10-19T19:09:12Z" duration-ms="582" status="PASS">
          <reporter-output>
          </reporter-output>
        </test-method> <!-- LoginErrorValidation -->
        <test-method is-config="true" signature="tearown()[pri:0, instance:rahulshettyacademy.tests.ErrorValidationsTest@3e6104fc]" started-at="2022-10-19T19:09:12Z" name="tearown" finished-at="2022-10-19T19:09:12Z" duration-ms="58" status="PASS">
          <reporter-output>
          </reporter-output>
        </test-method> <!-- tearown -->
        <test-method is-config="true" signature="launchApplication()[pri:0, instance:rahulshettyacademy.tests.ErrorValidationsTest@3e6104fc]" started-at="2022-10-19T19:09:12Z" name="launchApplication" finished-at="2022-10-19T19:09:16Z" duration-ms="3861" status="PASS">
          <reporter-output>
          </reporter-output>
        </test-method> <!-- launchApplication -->
        <test-method signature="ProductErrorValidation()[pri:0, instance:rahulshettyacademy.tests.ErrorValidationsTest@3e6104fc]" started-at="2022-10-19T19:09:16Z" name="ProductErrorValidation" finished-at="2022-10-19T19:09:18Z" duration-ms="2762" status="PASS">
          <reporter-output>
          </reporter-output>
        </test-method> <!-- ProductErrorValidation -->
        <test-method is-config="true" signature="tearown()[pri:0, instance:rahulshettyacademy.tests.ErrorValidationsTest@3e6104fc]" started-at="2022-10-19T19:09:18Z" name="tearown" finished-at="2022-10-19T19:09:18Z" duration-ms="129" status="PASS">
          <reporter-output>
          </reporter-output>
        </test-method> <!-- tearown -->
      </class> <!-- rahulshettyacademy.tests.ErrorValidationsTest -->
    </test> <!-- Error Validations Test -->
    <test started-at="2022-10-19T19:09:06Z" name="Submit Order Test" finished-at="2022-10-19T19:09:27Z" duration-ms="20894">
      <class name="rahulshettyacademy.tests.SubmitOrderTest">
        <test-method is-config="true" signature="launchApplication()[pri:0, instance:rahulshettyacademy.tests.SubmitOrderTest@432038ec]" started-at="2022-10-19T19:09:06Z" name="launchApplication" finished-at="2022-10-19T19:09:11Z" duration-ms="4541" status="PASS">
          <reporter-output>
          </reporter-output>
        </test-method> <!-- launchApplication -->
        <test-method signature="submitOrder(java.util.HashMap)[pri:0, instance:rahulshettyacademy.tests.SubmitOrderTest@432038ec]" started-at="2022-10-19T19:09:11Z" name="submitOrder" data-provider="getData" finished-at="2022-10-19T19:09:15Z" duration-ms="3694" status="PASS">
          <params>
            <param index="0">
              <value>
                <![CDATA[{password=Ps34life, product=ZARA COAT 3, email=johndoe4213@gmail.com}]]>
              </value>
            </param>
          </params>
          <reporter-output>
          </reporter-output>
        </test-method> <!-- submitOrder -->
        <test-method is-config="true" signature="tearown()[pri:0, instance:rahulshettyacademy.tests.SubmitOrderTest@432038ec]" started-at="2022-10-19T19:09:15Z" name="tearown" finished-at="2022-10-19T19:09:15Z" duration-ms="68" status="PASS">
          <reporter-output>
          </reporter-output>
        </test-method> <!-- tearown -->
        <test-method is-config="true" signature="launchApplication()[pri:0, instance:rahulshettyacademy.tests.SubmitOrderTest@432038ec]" started-at="2022-10-19T19:09:15Z" name="launchApplication" finished-at="2022-10-19T19:09:19Z" duration-ms="3726" status="PASS">
          <reporter-output>
          </reporter-output>
        </test-method> <!-- launchApplication -->
        <test-method signature="submitOrder(java.util.HashMap)[pri:0, instance:rahulshettyacademy.tests.SubmitOrderTest@432038ec]" started-at="2022-10-19T19:09:19Z" name="submitOrder" data-provider="getData" finished-at="2022-10-19T19:09:22Z" duration-ms="3951" status="PASS">
          <params>
            <param index="0">
              <value>
                <![CDATA[{password=Ps34life, product=ADIDAS ORIGINAL, email=dipu4213@gmail.com}]]>
              </value>
            </param>
          </params>
          <reporter-output>
          </reporter-output>
        </test-method> <!-- submitOrder -->
        <test-method is-config="true" signature="tearown()[pri:0, instance:rahulshettyacademy.tests.SubmitOrderTest@432038ec]" started-at="2022-10-19T19:09:22Z" name="tearown" finished-at="2022-10-19T19:09:23Z" duration-ms="55" status="PASS">
          <reporter-output>
          </reporter-output>
        </test-method> <!-- tearown -->
        <test-method is-config="true" signature="launchApplication()[pri:0, instance:rahulshettyacademy.tests.SubmitOrderTest@432038ec]" started-at="2022-10-19T19:09:23Z" name="launchApplication" finished-at="2022-10-19T19:09:26Z" duration-ms="3844" status="PASS">
          <reporter-output>
          </reporter-output>
        </test-method> <!-- launchApplication -->
        <test-method signature="OrderHistoryTest()[pri:0, instance:rahulshettyacademy.tests.SubmitOrderTest@432038ec]" started-at="2022-10-19T19:09:26Z" name="OrderHistoryTest" finished-at="2022-10-19T19:09:27Z" depends-on-methods="rahulshettyacademy.tests.SubmitOrderTest.submitOrder" duration-ms="879" status="PASS">
          <reporter-output>
          </reporter-output>
        </test-method> <!-- OrderHistoryTest -->
        <test-method is-config="true" signature="tearown()[pri:0, instance:rahulshettyacademy.tests.SubmitOrderTest@432038ec]" started-at="2022-10-19T19:09:27Z" name="tearown" finished-at="2022-10-19T19:09:27Z" duration-ms="126" status="PASS">
          <reporter-output>
          </reporter-output>
        </test-method> <!-- tearown -->
      </class> <!-- rahulshettyacademy.tests.SubmitOrderTest -->
    </test> <!-- Submit Order Test -->
  </suite> <!-- Suite -->
</testng-results>
